==================================================
  GPB PyAutoGUI 截頁腳本
  輸出: C:\Users\user\Downloads\AutoRead-GoogleBook\kindle-17
  截圖區域: (0, 0, 1080, 1920) (垂直主螢幕)
  頁數: 200
==================================================
Chrome HWND: 0x340082 (title: Kindle - Google Chrome)
>>> 倒數 5 秒，請確保 Chrome 在垂直螢幕且 focus !!! <<<
  10...
  9...
  8...
  7...
  6...
  5...
  4...
  3...
  2...
  1...
>>> 開始截圖！手不要動！<<<
  [1/200] page_0000.png (1080x1920)
  [2/200] page_0001.png (1080x1920)
  [3/200] page_0002.png (1080x1920)
  [4/200] page_0003.png (1080x1920)
  [5/200] page_0004.png (1080x1920)
  [6/200] page_0005.png (1080x1920)
  [7/200] page_0006.png (1080x1920)
  [8/200] page_0007.png (1080x1920)
  [9/200] page_0008.png (1080x1920)
  [10/200] page_0009.png (1080x1920)
  [11/200] page_0010.png (1080x1920)
  [12/200] page_0011.png (1080x1920)
  [13/200] page_0012.png (1080x1920)
  [14/200] page_0013.png (1080x1920)
  [15/200] page_0014.png (1080x1920)
  [16/200] page_0015.png (1080x1920)
  [17/200] page_0016.png (1080x1920)
  [18/200] page_0017.png (1080x1920)
  [19/200] page_0018.png (1080x1920)
  [20/200] page_0019.png (1080x1920)
  [21/200] page_0020.png (1080x1920)
  [22/200] page_0021.png (1080x1920)
  [23/200] page_0022.png (1080x1920)
  [24/200] page_0023.png (1080x1920)
  [25/200] page_0024.png (1080x1920)
  [26/200] page_0025.png (1080x1920)
  [27/200] page_0026.png (1080x1920)
  [28/200] page_0027.png (1080x1920)
  [29/200] page_0028.png (1080x1920)
  [30/200] page_0029.png (1080x1920)
  [31/200] page_0030.png (1080x1920)
  [32/200] page_0031.png (1080x1920)
  [33/200] page_0032.png (1080x1920)
  [34/200] page_0033.png (1080x1920)
  [35/200] page_0034.png (1080x1920)
  [36/200] page_0035.png (1080x1920)
  [37/200] page_0036.png (1080x1920)
  [38/200] page_0037.png (1080x1920)
  [39/200] page_0038.png (1080x1920)
  [40/200] page_0039.png (1080x1920)
  [41/200] page_0040.png (1080x1920)
  [42/200] page_0041.png (1080x1920)
  [43/200] page_0042.png (1080x1920)
  [44/200] page_0043.png (1080x1920)
  [45/200] page_0044.png (1080x1920)
  [46/200] page_0045.png (1080x1920)
  [47/200] page_0046.png (1080x1920)
  [48/200] page_0047.png (1080x1920)
  [49/200] page_0048.png (1080x1920)
  [50/200] page_0049.png (1080x1920)
  [51/200] page_0050.png (1080x1920)
  [52/200] page_0051.png (1080x1920)
  [53/200] page_0052.png (1080x1920)
  [54/200] page_0053.png (1080x1920)
  [55/200] page_0054.png (1080x1920)
  [56/200] page_0055.png (1080x1920)
  [57/200] page_0056.png (1080x1920)
  [58/200] page_0057.png (1080x1920)
  [59/200] page_0058.png (1080x1920)
  [60/200] page_0059.png (1080x1920)
  [61/200] page_0060.png (1080x1920)
  [62/200] page_0061.png (1080x1920)
  [63/200] page_0062.png (1080x1920)
  [64/200] page_0063.png (1080x1920)
  [65/200] page_0064.png (1080x1920)
  [66/200] page_0065.png (1080x1920)
  [67/200] page_0066.png (1080x1920)
  [68/200] page_0067.png (1080x1920)
  [69/200] page_0068.png (1080x1920)
  [70/200] page_0069.png (1080x1920)
  [71/200] page_0070.png (1080x1920)
  [72/200] page_0071.png (1080x1920)
  [73/200] page_0072.png (1080x1920)
  [74/200] page_0073.png (1080x1920)
  [75/200] page_0074.png (1080x1920)
  [76/200] page_0075.png (1080x1920)
  [77/200] page_0076.png (1080x1920)
  [78/200] page_0077.png (1080x1920)
  [79/200] page_0078.png (1080x1920)
  [80/200] page_0079.png (1080x1920)
  [81/200] page_0080.png (1080x1920)
  [82/200] page_0081.png (1080x1920)
  [83/200] page_0082.png (1080x1920)
  [84/200] page_0083.png (1080x1920)
  [85/200] page_0084.png (1080x1920)
  [86/200] page_0085.png (1080x1920)
  [87/200] page_0086.png (1080x1920)
  [88/200] page_0087.png (1080x1920)
  [89/200] page_0088.png (1080x1920)
  [90/200] page_0089.png (1080x1920)
  [91/200] page_0090.png (1080x1920)
  [92/200] page_0091.png (1080x1920)
  [93/200] page_0092.png (1080x1920)
  [94/200] page_0093.png (1080x1920)
  [95/200] page_0094.png (1080x1920)
  [96/200] page_0095.png (1080x1920)
  [97/200] page_0096.png (1080x1920)
  [98/200] page_0097.png (1080x1920)
  [99/200] page_0098.png (1080x1920)
  [100/200] page_0099.png (1080x1920)
  [101/200] page_0100.png (1080x1920)
  [102/200] page_0101.png (1080x1920)
  [103/200] page_0102.png (1080x1920)
  [104/200] page_0103.png (1080x1920)
  [105/200] page_0104.png (1080x1920)
  [106/200] page_0105.png (1080x1920)
  [107/200] page_0106.png (1080x1920)
  [108/200] page_0107.png (1080x1920)
  [109/200] page_0108.png (1080x1920)
  [110/200] page_0109.png (1080x1920)
  [111/200] page_0110.png (1080x1920)
  [112/200] page_0111.png (1080x1920)
  [113/200] page_0112.png (1080x1920)
  [114/200] page_0113.png (1080x1920)
  [115/200] page_0114.png (1080x1920)
  [116/200] page_0115.png (1080x1920)
  [117/200] page_0116.png (1080x1920)
  [118/200] page_0117.png (1080x1920)
  [119/200] page_0118.png (1080x1920)
  [120/200] page_0119.png (1080x1920)
  [121/200] page_0120.png (1080x1920)
  [122/200] page_0121.png (1080x1920)
  [123/200] page_0122.png (1080x1920)
  [124/200] page_0123.png (1080x1920)
  [125/200] page_0124.png (1080x1920)
  [126/200] page_0125.png (1080x1920)
  [127/200] page_0126.png (1080x1920)
  [128/200] page_0127.png (1080x1920)
  [129/200] page_0128.png (1080x1920)
  [130/200] page_0129.png (1080x1920)
  [131/200] page_0130.png (1080x1920)
  [132/200] page_0131.png (1080x1920)
  [133/200] page_0132.png (1080x1920)
  [134/200] page_0133.png (1080x1920)
  [135/200] page_0134.png (1080x1920)
  [136/200] page_0135.png (1080x1920)
  [137/200] page_0136.png (1080x1920)
  [138/200] page_0137.png (1080x1920)
  [139/200] page_0138.png (1080x1920)
  [140/200] page_0139.png (1080x1920)
  [141/200] page_0140.png (1080x1920)
  [142/200] page_0141.png (1080x1920)
  [143/200] page_0142.png (1080x1920)
  [144/200] page_0143.png (1080x1920)
  [145/200] page_0144.png (1080x1920)
  [146/200] page_0145.png (1080x1920)
  [147/200] page_0146.png (1080x1920)
  [148/200] page_0147.png (1080x1920)
  [149/200] page_0148.png (1080x1920)
  [150/200] page_0149.png (1080x1920)
  [151/200] page_0150.png (1080x1920)
  [152/200] page_0151.png (1080x1920)
  [153/200] page_0152.png (1080x1920)
  [154/200] page_0153.png (1080x1920)
  [155/200] page_0154.png (1080x1920)
  [156/200] page_0155.png (1080x1920)
  [157/200] page_0156.png (1080x1920)
  [158/200] page_0157.png (1080x1920)
  [159/200] page_0158.png (1080x1920)
  [160/200] page_0159.png (1080x1920)
  [161/200] page_0160.png (1080x1920)
  [162/200] page_0161.png (1080x1920)
  [163/200] page_0162.png (1080x1920)
  [164/200] page_0163.png (1080x1920)
  [165/200] page_0164.png (1080x1920)
  [166/200] page_0165.png (1080x1920)
  [167/200] page_0166.png (1080x1920)
  [168/200] page_0167.png (1080x1920)
  [169/200] page_0168.png (1080x1920)
  [170/200] page_0169.png (1080x1920)
  [171/200] page_0170.png (1080x1920)
  [172/200] page_0171.png (1080x1920)
  [173/200] page_0172.png (1080x1920)
  [174/200] page_0173.png (1080x1920)
  [175/200] page_0174.png (1080x1920)
  [176/200] page_0175.png (1080x1920)
  [177/200] page_0176.png (1080x1920)
  [178/200] page_0177.png (1080x1920)
  [179/200] page_0178.png (1080x1920)
  [180/200] page_0179.png (1080x1920)
  [181/200] page_0180.png (1080x1920)
  [182/200] page_0181.png (1080x1920)
  [183/200] page_0182.png (1080x1920)
  [184/200] page_0183.png (1080x1920)
  [185/200] page_0184.png (1080x1920)
  [186/200] page_0185.png (1080x1920)
  [187/200] page_0186.png (1080x1920)
  [188/200] page_0187.png (1080x1920)
  [189/200] page_0188.png (1080x1920)
  [190/200] page_0189.png (1080x1920)
  [191/200] page_0190.png (1080x1920)
  [192/200] page_0191.png (1080x1920)
  [193/200] page_0192.png (1080x1920)
  [194/200] page_0193.png (1080x1920)
  [195/200] page_0194.png (1080x1920)
  [196/200] page_0195.png (1080x1920)
  [197/200] page_0196.png (1080x1920)
  [198/200] page_0197.png (1080x1920)
  [199/200] page_0198.png (1080x1920)
  [200/200] page_0199.png (1080x1920)
完成！200 張截圖在 C:\Users\user\Downloads\AutoRead-GoogleBook\kindle-17\screenshots
