Matched: 959a8ab6-ae3... (kindle-17-part1.pdf)
Matched: f156442c-9f2... (kindle-17-part2.pdf)
{
  "task_id": "09a9bcfe-f4c7-42f5-99d7-89270c6e317c",
  "status": "pending"
}
Matched: 959a8ab6-ae3... (kindle-17-part1.pdf)
Matched: f156442c-9f2... (kindle-17-part2.pdf)
{
  "task_id": "ad5e20c2-67c9-4de4-bb02-6fb0340f0aba",
  "status": "pending"
}
Matched: 959a8ab6-ae3... (kindle-17-part1.pdf)
Matched: f156442c-9f2... (kindle-17-part2.pdf)
{
  "task_id": "789f77d9-de92-46d5-a612-7f69e95650fe",
  "status": "pending"
}
Matched: 959a8ab6-ae3... (kindle-17-part1.pdf)
Matched: f156442c-9f2... (kindle-17-part2.pdf)
{
  "task_id": "b3133e20-6c28-4ca7-8caf-217c393ae81e",
  "status": "pending"
}
Matched: 959a8ab6-ae3... (kindle-17-part1.pdf)
Matched: f156442c-9f2... (kindle-17-part2.pdf)
{
  "task_id": "189eba71-9707-4e43-ae74-cbee299b852a",
  "status": "pending"
}
Matched: 959a8ab6-ae3... (kindle-17-part1.pdf)
Matched: f156442c-9f2... (kindle-17-part2.pdf)
{
  "task_id": "11cf3dc2-31ef-4a4b-bd2a-fd2adb189cbc",
  "status": "pending"
}
Matched: 959a8ab6-ae3... (kindle-17-part1.pdf)
Matched: f156442c-9f2... (kindle-17-part2.pdf)
{
  "task_id": "8eafcb55-14b1-4f63-bc06-278318ed65ef",
  "status": "pending"
}
