Matched: 959a8ab6-ae3... (kindle-17-part1.pdf)
Matched: f156442c-9f2... (kindle-17-part2.pdf)
{
  "task_id": "31636ad1-5b3e-41bb-801a-c4673e14459b",
  "status": "pending"
}
Matched: 959a8ab6-ae3... (kindle-17-part1.pdf)
Matched: f156442c-9f2... (kindle-17-part2.pdf)
{
  "task_id": "b45e306f-e6f7-4964-ac94-0b5cf83711a4",
  "status": "pending"
}
Matched: 959a8ab6-ae3... (kindle-17-part1.pdf)
Matched: f156442c-9f2... (kindle-17-part2.pdf)
{
  "task_id": "5d7ff890-0413-4a33-993b-0c192711e98f",
  "status": "pending"
}
Matched: 959a8ab6-ae3... (kindle-17-part1.pdf)
Matched: f156442c-9f2... (kindle-17-part2.pdf)
{
  "task_id": "0580ec23-e272-4271-97a4-a92739fefa88",
  "status": "pending"
}
Matched: 959a8ab6-ae3... (kindle-17-part1.pdf)
Matched: f156442c-9f2... (kindle-17-part2.pdf)
{
  "task_id": "56b0f2a2-2c44-499f-b825-b5686f803a8e",
  "status": "pending"
}
Matched: 959a8ab6-ae3... (kindle-17-part1.pdf)
Matched: f156442c-9f2... (kindle-17-part2.pdf)
{
  "task_id": "d7f2d466-2770-42f7-aada-a56a787a34f9",
  "status": "pending"
}
Matched: 959a8ab6-ae3... (kindle-17-part1.pdf)
Matched: f156442c-9f2... (kindle-17-part2.pdf)
{
  "task_id": "9cc10cc5-1014-4a34-9074-cae196f8e9d3",
  "status": "pending"
}
