Matched: 959a8ab6-ae3... (kindle-17-part1.pdf)
Matched: f156442c-9f2... (kindle-17-part2.pdf)
{
  "task_id": "87923f56-89d4-4007-a93d-27c614ba82eb",
  "status": "pending"
}
Matched: 959a8ab6-ae3... (kindle-17-part1.pdf)
Matched: f156442c-9f2... (kindle-17-part2.pdf)
{
  "task_id": "6f028d69-c75c-4946-8447-394d59956518",
  "status": "pending"
}
Matched: 959a8ab6-ae3... (kindle-17-part1.pdf)
Matched: f156442c-9f2... (kindle-17-part2.pdf)
{
  "task_id": "b28b77df-7d6b-4ad7-bf12-fe1962d4b713",
  "status": "pending"
}
Matched: 959a8ab6-ae3... (kindle-17-part1.pdf)
Matched: f156442c-9f2... (kindle-17-part2.pdf)
{
  "task_id": "dbb7caa2-08b0-45b2-b1eb-aea5d6c37df7",
  "status": "pending"
}
Matched: 959a8ab6-ae3... (kindle-17-part1.pdf)
Matched: f156442c-9f2... (kindle-17-part2.pdf)
{
  "task_id": "e38306b5-fc79-46f2-b73c-8e7dac6766e9",
  "status": "pending"
}
Matched: 959a8ab6-ae3... (kindle-17-part1.pdf)
Matched: f156442c-9f2... (kindle-17-part2.pdf)
{
  "task_id": "0c7e4a7e-1b1e-485f-8854-0241b76734f6",
  "status": "pending"
}
Matched: 959a8ab6-ae3... (kindle-17-part1.pdf)
Matched: f156442c-9f2... (kindle-17-part2.pdf)
{
  "task_id": "7f4f9e16-c21e-4b2a-90a2-8d38cdbd7e14",
  "status": "pending"
}
